2022-12-05 18:15:49 Debug: Notice (8): Undefined index: controller in [D:\xampp7.4\htdocs\busker\app\View\Layouts\default.ctp, line 121]
Trace:
include - APP\View\Layouts\default.ctp, line 121
View::_evaluate() - CORE\Cake\View\View.php, line 1033
View::_render() - CORE\Cake\View\View.php, line 997
View::renderLayout() - CORE\Cake\View\View.php, line 653
View::render() - CORE\Cake\View\View.php, line 491
Controller::render() - CORE\Cake\Controller\Controller.php, line 960
ExceptionRenderer::_outputMessage() - CORE\Cake\Error\ExceptionRenderer.php, line 288
ExceptionRenderer::error500() - CORE\Cake\Error\ExceptionRenderer.php, line 240
ExceptionRenderer::render() - CORE\Cake\Error\ExceptionRenderer.php, line 173
ErrorHandler::handleException() - CORE\Cake\Error\ErrorHandler.php, line 127
[main] - [internal], line ??

2022-12-05 18:15:49 Debug: Notice (8): Undefined index: controller in [D:\xampp7.4\htdocs\busker\app\View\Layouts\default.ctp, line 121]
Trace:
include - APP\View\Layouts\default.ctp, line 121
View::_evaluate() - CORE\Cake\View\View.php, line 1033
View::_render() - CORE\Cake\View\View.php, line 997
View::renderLayout() - CORE\Cake\View\View.php, line 653
View::render() - CORE\Cake\View\View.php, line 491
Controller::render() - CORE\Cake\Controller\Controller.php, line 960
ExceptionRenderer::_outputMessage() - CORE\Cake\Error\ExceptionRenderer.php, line 288
ExceptionRenderer::error500() - CORE\Cake\Error\ExceptionRenderer.php, line 240
ExceptionRenderer::render() - CORE\Cake\Error\ExceptionRenderer.php, line 173
ErrorHandler::handleException() - CORE\Cake\Error\ErrorHandler.php, line 127
[main] - [internal], line ??

2022-12-05 18:15:49 Debug: Notice (8): Undefined index: controller in [D:\xampp7.4\htdocs\busker\app\View\Layouts\default.ctp, line 121]
Trace:
include - APP\View\Layouts\default.ctp, line 121
View::_evaluate() - CORE\Cake\View\View.php, line 1033
View::_render() - CORE\Cake\View\View.php, line 997
View::renderLayout() - CORE\Cake\View\View.php, line 653
View::render() - CORE\Cake\View\View.php, line 491
Controller::render() - CORE\Cake\Controller\Controller.php, line 960
ExceptionRenderer::_outputMessage() - CORE\Cake\Error\ExceptionRenderer.php, line 288
ExceptionRenderer::error500() - CORE\Cake\Error\ExceptionRenderer.php, line 240
ExceptionRenderer::render() - CORE\Cake\Error\ExceptionRenderer.php, line 173
ErrorHandler::handleException() - CORE\Cake\Error\ErrorHandler.php, line 127
ErrorHandler::handleFatalError() - CORE\Cake\Error\ErrorHandler.php, line 214
ErrorHandler::handleError() - CORE\Cake\Error\ErrorHandler.php, line 162
App::_checkFatalError() - CORE\Cake\Core\App.php, line 927
App::shutdown() - CORE\Cake\Core\App.php, line 900
[main] - [internal], line ??

2022-12-05 18:15:49 Debug: Notice (8): Undefined index: controller in [D:\xampp7.4\htdocs\busker\app\View\Layouts\default.ctp, line 121]
Trace:
include - APP\View\Layouts\default.ctp, line 121
View::_evaluate() - CORE\Cake\View\View.php, line 1033
View::_render() - CORE\Cake\View\View.php, line 997
View::renderLayout() - CORE\Cake\View\View.php, line 653
View::render() - CORE\Cake\View\View.php, line 491
Controller::render() - CORE\Cake\Controller\Controller.php, line 960
ExceptionRenderer::_outputMessage() - CORE\Cake\Error\ExceptionRenderer.php, line 288
ExceptionRenderer::error500() - CORE\Cake\Error\ExceptionRenderer.php, line 240
ExceptionRenderer::render() - CORE\Cake\Error\ExceptionRenderer.php, line 173
ErrorHandler::handleException() - CORE\Cake\Error\ErrorHandler.php, line 127
ErrorHandler::handleFatalError() - CORE\Cake\Error\ErrorHandler.php, line 214
ErrorHandler::handleError() - CORE\Cake\Error\ErrorHandler.php, line 162
App::_checkFatalError() - CORE\Cake\Core\App.php, line 927
App::shutdown() - CORE\Cake\Core\App.php, line 900
[main] - [internal], line ??

2022-12-05 18:21:28 Debug: Notice (8): Undefined index: controller in [D:\xampp7.4\htdocs\busker\app\View\Layouts\default.ctp, line 121]
Trace:
include - APP\View\Layouts\default.ctp, line 121
View::_evaluate() - CORE\Cake\View\View.php, line 1033
View::_render() - CORE\Cake\View\View.php, line 997
View::renderLayout() - CORE\Cake\View\View.php, line 653
View::render() - CORE\Cake\View\View.php, line 491
Controller::render() - CORE\Cake\Controller\Controller.php, line 960
ExceptionRenderer::_outputMessage() - CORE\Cake\Error\ExceptionRenderer.php, line 288
ExceptionRenderer::error500() - CORE\Cake\Error\ExceptionRenderer.php, line 240
ExceptionRenderer::render() - CORE\Cake\Error\ExceptionRenderer.php, line 173
ErrorHandler::handleException() - CORE\Cake\Error\ErrorHandler.php, line 127
[main] - [internal], line ??

2022-12-05 18:21:28 Debug: Notice (8): Undefined index: controller in [D:\xampp7.4\htdocs\busker\app\View\Layouts\default.ctp, line 121]
Trace:
include - APP\View\Layouts\default.ctp, line 121
View::_evaluate() - CORE\Cake\View\View.php, line 1033
View::_render() - CORE\Cake\View\View.php, line 997
View::renderLayout() - CORE\Cake\View\View.php, line 653
View::render() - CORE\Cake\View\View.php, line 491
Controller::render() - CORE\Cake\Controller\Controller.php, line 960
ExceptionRenderer::_outputMessage() - CORE\Cake\Error\ExceptionRenderer.php, line 288
ExceptionRenderer::error500() - CORE\Cake\Error\ExceptionRenderer.php, line 240
ExceptionRenderer::render() - CORE\Cake\Error\ExceptionRenderer.php, line 173
ErrorHandler::handleException() - CORE\Cake\Error\ErrorHandler.php, line 127
[main] - [internal], line ??

2022-12-05 18:21:28 Debug: Notice (8): Undefined index: controller in [D:\xampp7.4\htdocs\busker\app\View\Layouts\default.ctp, line 121]
Trace:
include - APP\View\Layouts\default.ctp, line 121
View::_evaluate() - CORE\Cake\View\View.php, line 1033
View::_render() - CORE\Cake\View\View.php, line 997
View::renderLayout() - CORE\Cake\View\View.php, line 653
View::render() - CORE\Cake\View\View.php, line 491
Controller::render() - CORE\Cake\Controller\Controller.php, line 960
ExceptionRenderer::_outputMessage() - CORE\Cake\Error\ExceptionRenderer.php, line 288
ExceptionRenderer::error500() - CORE\Cake\Error\ExceptionRenderer.php, line 240
ExceptionRenderer::render() - CORE\Cake\Error\ExceptionRenderer.php, line 173
ErrorHandler::handleException() - CORE\Cake\Error\ErrorHandler.php, line 127
ErrorHandler::handleFatalError() - CORE\Cake\Error\ErrorHandler.php, line 214
ErrorHandler::handleError() - CORE\Cake\Error\ErrorHandler.php, line 162
App::_checkFatalError() - CORE\Cake\Core\App.php, line 927
App::shutdown() - CORE\Cake\Core\App.php, line 900
[main] - [internal], line ??

2022-12-05 18:21:28 Debug: Notice (8): Undefined index: controller in [D:\xampp7.4\htdocs\busker\app\View\Layouts\default.ctp, line 121]
Trace:
include - APP\View\Layouts\default.ctp, line 121
View::_evaluate() - CORE\Cake\View\View.php, line 1033
View::_render() - CORE\Cake\View\View.php, line 997
View::renderLayout() - CORE\Cake\View\View.php, line 653
View::render() - CORE\Cake\View\View.php, line 491
Controller::render() - CORE\Cake\Controller\Controller.php, line 960
ExceptionRenderer::_outputMessage() - CORE\Cake\Error\ExceptionRenderer.php, line 288
ExceptionRenderer::error500() - CORE\Cake\Error\ExceptionRenderer.php, line 240
ExceptionRenderer::render() - CORE\Cake\Error\ExceptionRenderer.php, line 173
ErrorHandler::handleException() - CORE\Cake\Error\ErrorHandler.php, line 127
ErrorHandler::handleFatalError() - CORE\Cake\Error\ErrorHandler.php, line 214
ErrorHandler::handleError() - CORE\Cake\Error\ErrorHandler.php, line 162
App::_checkFatalError() - CORE\Cake\Core\App.php, line 927
App::shutdown() - CORE\Cake\Core\App.php, line 900
[main] - [internal], line ??

2022-12-05 18:22:03 Debug: Notice (8): Undefined index: controller in [D:\xampp7.4\htdocs\busker\app\View\Layouts\default.ctp, line 121]
Trace:
include - APP\View\Layouts\default.ctp, line 121
View::_evaluate() - CORE\Cake\View\View.php, line 1033
View::_render() - CORE\Cake\View\View.php, line 997
View::renderLayout() - CORE\Cake\View\View.php, line 653
View::render() - CORE\Cake\View\View.php, line 491
Controller::render() - CORE\Cake\Controller\Controller.php, line 960
ExceptionRenderer::_outputMessage() - CORE\Cake\Error\ExceptionRenderer.php, line 288
ExceptionRenderer::error500() - CORE\Cake\Error\ExceptionRenderer.php, line 240
ExceptionRenderer::render() - CORE\Cake\Error\ExceptionRenderer.php, line 173
ErrorHandler::handleException() - CORE\Cake\Error\ErrorHandler.php, line 127
[main] - [internal], line ??

2022-12-05 18:22:03 Debug: Notice (8): Undefined index: controller in [D:\xampp7.4\htdocs\busker\app\View\Layouts\default.ctp, line 121]
Trace:
include - APP\View\Layouts\default.ctp, line 121
View::_evaluate() - CORE\Cake\View\View.php, line 1033
View::_render() - CORE\Cake\View\View.php, line 997
View::renderLayout() - CORE\Cake\View\View.php, line 653
View::render() - CORE\Cake\View\View.php, line 491
Controller::render() - CORE\Cake\Controller\Controller.php, line 960
ExceptionRenderer::_outputMessage() - CORE\Cake\Error\ExceptionRenderer.php, line 288
ExceptionRenderer::error500() - CORE\Cake\Error\ExceptionRenderer.php, line 240
ExceptionRenderer::render() - CORE\Cake\Error\ExceptionRenderer.php, line 173
ErrorHandler::handleException() - CORE\Cake\Error\ErrorHandler.php, line 127
[main] - [internal], line ??

2022-12-05 18:22:03 Debug: Notice (8): Undefined index: controller in [D:\xampp7.4\htdocs\busker\app\View\Layouts\default.ctp, line 121]
Trace:
include - APP\View\Layouts\default.ctp, line 121
View::_evaluate() - CORE\Cake\View\View.php, line 1033
View::_render() - CORE\Cake\View\View.php, line 997
View::renderLayout() - CORE\Cake\View\View.php, line 653
View::render() - CORE\Cake\View\View.php, line 491
Controller::render() - CORE\Cake\Controller\Controller.php, line 960
ExceptionRenderer::_outputMessage() - CORE\Cake\Error\ExceptionRenderer.php, line 288
ExceptionRenderer::error500() - CORE\Cake\Error\ExceptionRenderer.php, line 240
ExceptionRenderer::render() - CORE\Cake\Error\ExceptionRenderer.php, line 173
ErrorHandler::handleException() - CORE\Cake\Error\ErrorHandler.php, line 127
ErrorHandler::handleFatalError() - CORE\Cake\Error\ErrorHandler.php, line 214
ErrorHandler::handleError() - CORE\Cake\Error\ErrorHandler.php, line 162
App::_checkFatalError() - CORE\Cake\Core\App.php, line 927
App::shutdown() - CORE\Cake\Core\App.php, line 900
[main] - [internal], line ??

2022-12-05 18:22:03 Debug: Notice (8): Undefined index: controller in [D:\xampp7.4\htdocs\busker\app\View\Layouts\default.ctp, line 121]
Trace:
include - APP\View\Layouts\default.ctp, line 121
View::_evaluate() - CORE\Cake\View\View.php, line 1033
View::_render() - CORE\Cake\View\View.php, line 997
View::renderLayout() - CORE\Cake\View\View.php, line 653
View::render() - CORE\Cake\View\View.php, line 491
Controller::render() - CORE\Cake\Controller\Controller.php, line 960
ExceptionRenderer::_outputMessage() - CORE\Cake\Error\ExceptionRenderer.php, line 288
ExceptionRenderer::error500() - CORE\Cake\Error\ExceptionRenderer.php, line 240
ExceptionRenderer::render() - CORE\Cake\Error\ExceptionRenderer.php, line 173
ErrorHandler::handleException() - CORE\Cake\Error\ErrorHandler.php, line 127
ErrorHandler::handleFatalError() - CORE\Cake\Error\ErrorHandler.php, line 214
ErrorHandler::handleError() - CORE\Cake\Error\ErrorHandler.php, line 162
App::_checkFatalError() - CORE\Cake\Core\App.php, line 927
App::shutdown() - CORE\Cake\Core\App.php, line 900
[main] - [internal], line ??

2022-12-05 18:22:50 Debug: Notice (8): Undefined index: controller in [D:\xampp7.4\htdocs\busker\app\View\Layouts\default.ctp, line 121]
Trace:
include - APP\View\Layouts\default.ctp, line 121
View::_evaluate() - CORE\Cake\View\View.php, line 1033
View::_render() - CORE\Cake\View\View.php, line 997
View::renderLayout() - CORE\Cake\View\View.php, line 653
View::render() - CORE\Cake\View\View.php, line 491
Controller::render() - CORE\Cake\Controller\Controller.php, line 960
ExceptionRenderer::_outputMessage() - CORE\Cake\Error\ExceptionRenderer.php, line 288
ExceptionRenderer::error500() - CORE\Cake\Error\ExceptionRenderer.php, line 240
ExceptionRenderer::render() - CORE\Cake\Error\ExceptionRenderer.php, line 173
ErrorHandler::handleException() - CORE\Cake\Error\ErrorHandler.php, line 127
[main] - [internal], line ??

2022-12-05 18:22:50 Debug: Notice (8): Undefined index: controller in [D:\xampp7.4\htdocs\busker\app\View\Layouts\default.ctp, line 121]
Trace:
include - APP\View\Layouts\default.ctp, line 121
View::_evaluate() - CORE\Cake\View\View.php, line 1033
View::_render() - CORE\Cake\View\View.php, line 997
View::renderLayout() - CORE\Cake\View\View.php, line 653
View::render() - CORE\Cake\View\View.php, line 491
Controller::render() - CORE\Cake\Controller\Controller.php, line 960
ExceptionRenderer::_outputMessage() - CORE\Cake\Error\ExceptionRenderer.php, line 288
ExceptionRenderer::error500() - CORE\Cake\Error\ExceptionRenderer.php, line 240
ExceptionRenderer::render() - CORE\Cake\Error\ExceptionRenderer.php, line 173
ErrorHandler::handleException() - CORE\Cake\Error\ErrorHandler.php, line 127
[main] - [internal], line ??

2022-12-05 18:22:50 Debug: Notice (8): Undefined index: controller in [D:\xampp7.4\htdocs\busker\app\View\Layouts\default.ctp, line 121]
Trace:
include - APP\View\Layouts\default.ctp, line 121
View::_evaluate() - CORE\Cake\View\View.php, line 1033
View::_render() - CORE\Cake\View\View.php, line 997
View::renderLayout() - CORE\Cake\View\View.php, line 653
View::render() - CORE\Cake\View\View.php, line 491
Controller::render() - CORE\Cake\Controller\Controller.php, line 960
ExceptionRenderer::_outputMessage() - CORE\Cake\Error\ExceptionRenderer.php, line 288
ExceptionRenderer::error500() - CORE\Cake\Error\ExceptionRenderer.php, line 240
ExceptionRenderer::render() - CORE\Cake\Error\ExceptionRenderer.php, line 173
ErrorHandler::handleException() - CORE\Cake\Error\ErrorHandler.php, line 127
ErrorHandler::handleFatalError() - CORE\Cake\Error\ErrorHandler.php, line 214
ErrorHandler::handleError() - CORE\Cake\Error\ErrorHandler.php, line 162
App::_checkFatalError() - CORE\Cake\Core\App.php, line 927
App::shutdown() - CORE\Cake\Core\App.php, line 900
[main] - [internal], line ??

2022-12-05 18:22:50 Debug: Notice (8): Undefined index: controller in [D:\xampp7.4\htdocs\busker\app\View\Layouts\default.ctp, line 121]
Trace:
include - APP\View\Layouts\default.ctp, line 121
View::_evaluate() - CORE\Cake\View\View.php, line 1033
View::_render() - CORE\Cake\View\View.php, line 997
View::renderLayout() - CORE\Cake\View\View.php, line 653
View::render() - CORE\Cake\View\View.php, line 491
Controller::render() - CORE\Cake\Controller\Controller.php, line 960
ExceptionRenderer::_outputMessage() - CORE\Cake\Error\ExceptionRenderer.php, line 288
ExceptionRenderer::error500() - CORE\Cake\Error\ExceptionRenderer.php, line 240
ExceptionRenderer::render() - CORE\Cake\Error\ExceptionRenderer.php, line 173
ErrorHandler::handleException() - CORE\Cake\Error\ErrorHandler.php, line 127
ErrorHandler::handleFatalError() - CORE\Cake\Error\ErrorHandler.php, line 214
ErrorHandler::handleError() - CORE\Cake\Error\ErrorHandler.php, line 162
App::_checkFatalError() - CORE\Cake\Core\App.php, line 927
App::shutdown() - CORE\Cake\Core\App.php, line 900
[main] - [internal], line ??

2022-12-05 18:24:39 Debug: Notice (8): Undefined index: controller in [D:\xampp7.4\htdocs\busker\app\View\Layouts\default.ctp, line 121]
Trace:
include - APP\View\Layouts\default.ctp, line 121
View::_evaluate() - CORE\Cake\View\View.php, line 1033
View::_render() - CORE\Cake\View\View.php, line 997
View::renderLayout() - CORE\Cake\View\View.php, line 653
View::render() - CORE\Cake\View\View.php, line 491
Controller::render() - CORE\Cake\Controller\Controller.php, line 960
ExceptionRenderer::_outputMessage() - CORE\Cake\Error\ExceptionRenderer.php, line 288
ExceptionRenderer::error500() - CORE\Cake\Error\ExceptionRenderer.php, line 240
ExceptionRenderer::render() - CORE\Cake\Error\ExceptionRenderer.php, line 173
ErrorHandler::handleException() - CORE\Cake\Error\ErrorHandler.php, line 127
[main] - [internal], line ??

2022-12-05 18:24:39 Debug: Notice (8): Undefined index: controller in [D:\xampp7.4\htdocs\busker\app\View\Layouts\default.ctp, line 121]
Trace:
include - APP\View\Layouts\default.ctp, line 121
View::_evaluate() - CORE\Cake\View\View.php, line 1033
View::_render() - CORE\Cake\View\View.php, line 997
View::renderLayout() - CORE\Cake\View\View.php, line 653
View::render() - CORE\Cake\View\View.php, line 491
Controller::render() - CORE\Cake\Controller\Controller.php, line 960
ExceptionRenderer::_outputMessage() - CORE\Cake\Error\ExceptionRenderer.php, line 288
ExceptionRenderer::error500() - CORE\Cake\Error\ExceptionRenderer.php, line 240
ExceptionRenderer::render() - CORE\Cake\Error\ExceptionRenderer.php, line 173
ErrorHandler::handleException() - CORE\Cake\Error\ErrorHandler.php, line 127
[main] - [internal], line ??

2022-12-05 18:24:39 Debug: Notice (8): Undefined index: controller in [D:\xampp7.4\htdocs\busker\app\View\Layouts\default.ctp, line 121]
Trace:
include - APP\View\Layouts\default.ctp, line 121
View::_evaluate() - CORE\Cake\View\View.php, line 1033
View::_render() - CORE\Cake\View\View.php, line 997
View::renderLayout() - CORE\Cake\View\View.php, line 653
View::render() - CORE\Cake\View\View.php, line 491
Controller::render() - CORE\Cake\Controller\Controller.php, line 960
ExceptionRenderer::_outputMessage() - CORE\Cake\Error\ExceptionRenderer.php, line 288
ExceptionRenderer::error500() - CORE\Cake\Error\ExceptionRenderer.php, line 240
ExceptionRenderer::render() - CORE\Cake\Error\ExceptionRenderer.php, line 173
ErrorHandler::handleException() - CORE\Cake\Error\ErrorHandler.php, line 127
ErrorHandler::handleFatalError() - CORE\Cake\Error\ErrorHandler.php, line 214
ErrorHandler::handleError() - CORE\Cake\Error\ErrorHandler.php, line 162
App::_checkFatalError() - CORE\Cake\Core\App.php, line 927
App::shutdown() - CORE\Cake\Core\App.php, line 900
[main] - [internal], line ??

2022-12-05 18:24:39 Debug: Notice (8): Undefined index: controller in [D:\xampp7.4\htdocs\busker\app\View\Layouts\default.ctp, line 121]
Trace:
include - APP\View\Layouts\default.ctp, line 121
View::_evaluate() - CORE\Cake\View\View.php, line 1033
View::_render() - CORE\Cake\View\View.php, line 997
View::renderLayout() - CORE\Cake\View\View.php, line 653
View::render() - CORE\Cake\View\View.php, line 491
Controller::render() - CORE\Cake\Controller\Controller.php, line 960
ExceptionRenderer::_outputMessage() - CORE\Cake\Error\ExceptionRenderer.php, line 288
ExceptionRenderer::error500() - CORE\Cake\Error\ExceptionRenderer.php, line 240
ExceptionRenderer::render() - CORE\Cake\Error\ExceptionRenderer.php, line 173
ErrorHandler::handleException() - CORE\Cake\Error\ErrorHandler.php, line 127
ErrorHandler::handleFatalError() - CORE\Cake\Error\ErrorHandler.php, line 214
ErrorHandler::handleError() - CORE\Cake\Error\ErrorHandler.php, line 162
App::_checkFatalError() - CORE\Cake\Core\App.php, line 927
App::shutdown() - CORE\Cake\Core\App.php, line 900
[main] - [internal], line ??

2022-12-05 18:24:41 Debug: Notice (8): Undefined index: controller in [D:\xampp7.4\htdocs\busker\app\View\Layouts\default.ctp, line 121]
Trace:
include - APP\View\Layouts\default.ctp, line 121
View::_evaluate() - CORE\Cake\View\View.php, line 1033
View::_render() - CORE\Cake\View\View.php, line 997
View::renderLayout() - CORE\Cake\View\View.php, line 653
View::render() - CORE\Cake\View\View.php, line 491
Controller::render() - CORE\Cake\Controller\Controller.php, line 960
ExceptionRenderer::_outputMessage() - CORE\Cake\Error\ExceptionRenderer.php, line 288
ExceptionRenderer::error500() - CORE\Cake\Error\ExceptionRenderer.php, line 240
ExceptionRenderer::render() - CORE\Cake\Error\ExceptionRenderer.php, line 173
ErrorHandler::handleException() - CORE\Cake\Error\ErrorHandler.php, line 127
[main] - [internal], line ??

2022-12-05 18:24:41 Debug: Notice (8): Undefined index: controller in [D:\xampp7.4\htdocs\busker\app\View\Layouts\default.ctp, line 121]
Trace:
include - APP\View\Layouts\default.ctp, line 121
View::_evaluate() - CORE\Cake\View\View.php, line 1033
View::_render() - CORE\Cake\View\View.php, line 997
View::renderLayout() - CORE\Cake\View\View.php, line 653
View::render() - CORE\Cake\View\View.php, line 491
Controller::render() - CORE\Cake\Controller\Controller.php, line 960
ExceptionRenderer::_outputMessage() - CORE\Cake\Error\ExceptionRenderer.php, line 288
ExceptionRenderer::error500() - CORE\Cake\Error\ExceptionRenderer.php, line 240
ExceptionRenderer::render() - CORE\Cake\Error\ExceptionRenderer.php, line 173
ErrorHandler::handleException() - CORE\Cake\Error\ErrorHandler.php, line 127
[main] - [internal], line ??

2022-12-05 18:24:41 Debug: Notice (8): Undefined index: controller in [D:\xampp7.4\htdocs\busker\app\View\Layouts\default.ctp, line 121]
Trace:
include - APP\View\Layouts\default.ctp, line 121
View::_evaluate() - CORE\Cake\View\View.php, line 1033
View::_render() - CORE\Cake\View\View.php, line 997
View::renderLayout() - CORE\Cake\View\View.php, line 653
View::render() - CORE\Cake\View\View.php, line 491
Controller::render() - CORE\Cake\Controller\Controller.php, line 960
ExceptionRenderer::_outputMessage() - CORE\Cake\Error\ExceptionRenderer.php, line 288
ExceptionRenderer::error500() - CORE\Cake\Error\ExceptionRenderer.php, line 240
ExceptionRenderer::render() - CORE\Cake\Error\ExceptionRenderer.php, line 173
ErrorHandler::handleException() - CORE\Cake\Error\ErrorHandler.php, line 127
ErrorHandler::handleFatalError() - CORE\Cake\Error\ErrorHandler.php, line 214
ErrorHandler::handleError() - CORE\Cake\Error\ErrorHandler.php, line 162
App::_checkFatalError() - CORE\Cake\Core\App.php, line 927
App::shutdown() - CORE\Cake\Core\App.php, line 900
[main] - [internal], line ??

2022-12-05 18:24:41 Debug: Notice (8): Undefined index: controller in [D:\xampp7.4\htdocs\busker\app\View\Layouts\default.ctp, line 121]
Trace:
include - APP\View\Layouts\default.ctp, line 121
View::_evaluate() - CORE\Cake\View\View.php, line 1033
View::_render() - CORE\Cake\View\View.php, line 997
View::renderLayout() - CORE\Cake\View\View.php, line 653
View::render() - CORE\Cake\View\View.php, line 491
Controller::render() - CORE\Cake\Controller\Controller.php, line 960
ExceptionRenderer::_outputMessage() - CORE\Cake\Error\ExceptionRenderer.php, line 288
ExceptionRenderer::error500() - CORE\Cake\Error\ExceptionRenderer.php, line 240
ExceptionRenderer::render() - CORE\Cake\Error\ExceptionRenderer.php, line 173
ErrorHandler::handleException() - CORE\Cake\Error\ErrorHandler.php, line 127
ErrorHandler::handleFatalError() - CORE\Cake\Error\ErrorHandler.php, line 214
ErrorHandler::handleError() - CORE\Cake\Error\ErrorHandler.php, line 162
App::_checkFatalError() - CORE\Cake\Core\App.php, line 927
App::shutdown() - CORE\Cake\Core\App.php, line 900
[main] - [internal], line ??

2022-12-05 18:28:52 Debug: Notice (8): Undefined index: controller in [D:\xampp7.4\htdocs\busker\app\View\Layouts\default.ctp, line 121]
Trace:
include - APP\View\Layouts\default.ctp, line 121
View::_evaluate() - CORE\Cake\View\View.php, line 1033
View::_render() - CORE\Cake\View\View.php, line 997
View::renderLayout() - CORE\Cake\View\View.php, line 653
View::render() - CORE\Cake\View\View.php, line 491
Controller::render() - CORE\Cake\Controller\Controller.php, line 960
ExceptionRenderer::_outputMessage() - CORE\Cake\Error\ExceptionRenderer.php, line 288
ExceptionRenderer::error500() - CORE\Cake\Error\ExceptionRenderer.php, line 240
ExceptionRenderer::render() - CORE\Cake\Error\ExceptionRenderer.php, line 173
ErrorHandler::handleException() - CORE\Cake\Error\ErrorHandler.php, line 127
[main] - [internal], line ??

2022-12-05 18:28:52 Debug: Notice (8): Undefined index: controller in [D:\xampp7.4\htdocs\busker\app\View\Layouts\default.ctp, line 121]
Trace:
include - APP\View\Layouts\default.ctp, line 121
View::_evaluate() - CORE\Cake\View\View.php, line 1033
View::_render() - CORE\Cake\View\View.php, line 997
View::renderLayout() - CORE\Cake\View\View.php, line 653
View::render() - CORE\Cake\View\View.php, line 491
Controller::render() - CORE\Cake\Controller\Controller.php, line 960
ExceptionRenderer::_outputMessage() - CORE\Cake\Error\ExceptionRenderer.php, line 288
ExceptionRenderer::error500() - CORE\Cake\Error\ExceptionRenderer.php, line 240
ExceptionRenderer::render() - CORE\Cake\Error\ExceptionRenderer.php, line 173
ErrorHandler::handleException() - CORE\Cake\Error\ErrorHandler.php, line 127
[main] - [internal], line ??

2022-12-05 18:28:52 Debug: Notice (8): Undefined index: controller in [D:\xampp7.4\htdocs\busker\app\View\Layouts\default.ctp, line 121]
Trace:
include - APP\View\Layouts\default.ctp, line 121
View::_evaluate() - CORE\Cake\View\View.php, line 1033
View::_render() - CORE\Cake\View\View.php, line 997
View::renderLayout() - CORE\Cake\View\View.php, line 653
View::render() - CORE\Cake\View\View.php, line 491
Controller::render() - CORE\Cake\Controller\Controller.php, line 960
ExceptionRenderer::_outputMessage() - CORE\Cake\Error\ExceptionRenderer.php, line 288
ExceptionRenderer::error500() - CORE\Cake\Error\ExceptionRenderer.php, line 240
ExceptionRenderer::render() - CORE\Cake\Error\ExceptionRenderer.php, line 173
ErrorHandler::handleException() - CORE\Cake\Error\ErrorHandler.php, line 127
ErrorHandler::handleFatalError() - CORE\Cake\Error\ErrorHandler.php, line 214
ErrorHandler::handleError() - CORE\Cake\Error\ErrorHandler.php, line 162
App::_checkFatalError() - CORE\Cake\Core\App.php, line 927
App::shutdown() - CORE\Cake\Core\App.php, line 900
[main] - [internal], line ??

2022-12-05 18:28:52 Debug: Notice (8): Undefined index: controller in [D:\xampp7.4\htdocs\busker\app\View\Layouts\default.ctp, line 121]
Trace:
include - APP\View\Layouts\default.ctp, line 121
View::_evaluate() - CORE\Cake\View\View.php, line 1033
View::_render() - CORE\Cake\View\View.php, line 997
View::renderLayout() - CORE\Cake\View\View.php, line 653
View::render() - CORE\Cake\View\View.php, line 491
Controller::render() - CORE\Cake\Controller\Controller.php, line 960
ExceptionRenderer::_outputMessage() - CORE\Cake\Error\ExceptionRenderer.php, line 288
ExceptionRenderer::error500() - CORE\Cake\Error\ExceptionRenderer.php, line 240
ExceptionRenderer::render() - CORE\Cake\Error\ExceptionRenderer.php, line 173
ErrorHandler::handleException() - CORE\Cake\Error\ErrorHandler.php, line 127
ErrorHandler::handleFatalError() - CORE\Cake\Error\ErrorHandler.php, line 214
ErrorHandler::handleError() - CORE\Cake\Error\ErrorHandler.php, line 162
App::_checkFatalError() - CORE\Cake\Core\App.php, line 927
App::shutdown() - CORE\Cake\Core\App.php, line 900
[main] - [internal], line ??

2022-12-05 18:28:54 Debug: Notice (8): Undefined index: controller in [D:\xampp7.4\htdocs\busker\app\View\Layouts\default.ctp, line 121]
Trace:
include - APP\View\Layouts\default.ctp, line 121
View::_evaluate() - CORE\Cake\View\View.php, line 1033
View::_render() - CORE\Cake\View\View.php, line 997
View::renderLayout() - CORE\Cake\View\View.php, line 653
View::render() - CORE\Cake\View\View.php, line 491
Controller::render() - CORE\Cake\Controller\Controller.php, line 960
ExceptionRenderer::_outputMessage() - CORE\Cake\Error\ExceptionRenderer.php, line 288
ExceptionRenderer::error500() - CORE\Cake\Error\ExceptionRenderer.php, line 240
ExceptionRenderer::render() - CORE\Cake\Error\ExceptionRenderer.php, line 173
ErrorHandler::handleException() - CORE\Cake\Error\ErrorHandler.php, line 127
[main] - [internal], line ??

2022-12-05 18:28:54 Debug: Notice (8): Undefined index: controller in [D:\xampp7.4\htdocs\busker\app\View\Layouts\default.ctp, line 121]
Trace:
include - APP\View\Layouts\default.ctp, line 121
View::_evaluate() - CORE\Cake\View\View.php, line 1033
View::_render() - CORE\Cake\View\View.php, line 997
View::renderLayout() - CORE\Cake\View\View.php, line 653
View::render() - CORE\Cake\View\View.php, line 491
Controller::render() - CORE\Cake\Controller\Controller.php, line 960
ExceptionRenderer::_outputMessage() - CORE\Cake\Error\ExceptionRenderer.php, line 288
ExceptionRenderer::error500() - CORE\Cake\Error\ExceptionRenderer.php, line 240
ExceptionRenderer::render() - CORE\Cake\Error\ExceptionRenderer.php, line 173
ErrorHandler::handleException() - CORE\Cake\Error\ErrorHandler.php, line 127
[main] - [internal], line ??

2022-12-05 18:28:55 Debug: Notice (8): Undefined index: controller in [D:\xampp7.4\htdocs\busker\app\View\Layouts\default.ctp, line 121]
Trace:
include - APP\View\Layouts\default.ctp, line 121
View::_evaluate() - CORE\Cake\View\View.php, line 1033
View::_render() - CORE\Cake\View\View.php, line 997
View::renderLayout() - CORE\Cake\View\View.php, line 653
View::render() - CORE\Cake\View\View.php, line 491
Controller::render() - CORE\Cake\Controller\Controller.php, line 960
ExceptionRenderer::_outputMessage() - CORE\Cake\Error\ExceptionRenderer.php, line 288
ExceptionRenderer::error500() - CORE\Cake\Error\ExceptionRenderer.php, line 240
ExceptionRenderer::render() - CORE\Cake\Error\ExceptionRenderer.php, line 173
ErrorHandler::handleException() - CORE\Cake\Error\ErrorHandler.php, line 127
ErrorHandler::handleFatalError() - CORE\Cake\Error\ErrorHandler.php, line 214
ErrorHandler::handleError() - CORE\Cake\Error\ErrorHandler.php, line 162
App::_checkFatalError() - CORE\Cake\Core\App.php, line 927
App::shutdown() - CORE\Cake\Core\App.php, line 900
[main] - [internal], line ??

2022-12-05 18:28:55 Debug: Notice (8): Undefined index: controller in [D:\xampp7.4\htdocs\busker\app\View\Layouts\default.ctp, line 121]
Trace:
include - APP\View\Layouts\default.ctp, line 121
View::_evaluate() - CORE\Cake\View\View.php, line 1033
View::_render() - CORE\Cake\View\View.php, line 997
View::renderLayout() - CORE\Cake\View\View.php, line 653
View::render() - CORE\Cake\View\View.php, line 491
Controller::render() - CORE\Cake\Controller\Controller.php, line 960
ExceptionRenderer::_outputMessage() - CORE\Cake\Error\ExceptionRenderer.php, line 288
ExceptionRenderer::error500() - CORE\Cake\Error\ExceptionRenderer.php, line 240
ExceptionRenderer::render() - CORE\Cake\Error\ExceptionRenderer.php, line 173
ErrorHandler::handleException() - CORE\Cake\Error\ErrorHandler.php, line 127
ErrorHandler::handleFatalError() - CORE\Cake\Error\ErrorHandler.php, line 214
ErrorHandler::handleError() - CORE\Cake\Error\ErrorHandler.php, line 162
App::_checkFatalError() - CORE\Cake\Core\App.php, line 927
App::shutdown() - CORE\Cake\Core\App.php, line 900
[main] - [internal], line ??

2022-12-05 18:28:59 Debug: Notice (8): Undefined index: controller in [D:\xampp7.4\htdocs\busker\app\View\Layouts\default.ctp, line 121]
Trace:
include - APP\View\Layouts\default.ctp, line 121
View::_evaluate() - CORE\Cake\View\View.php, line 1033
View::_render() - CORE\Cake\View\View.php, line 997
View::renderLayout() - CORE\Cake\View\View.php, line 653
View::render() - CORE\Cake\View\View.php, line 491
Controller::render() - CORE\Cake\Controller\Controller.php, line 960
ExceptionRenderer::_outputMessage() - CORE\Cake\Error\ExceptionRenderer.php, line 288
ExceptionRenderer::error500() - CORE\Cake\Error\ExceptionRenderer.php, line 240
ExceptionRenderer::render() - CORE\Cake\Error\ExceptionRenderer.php, line 173
ErrorHandler::handleException() - CORE\Cake\Error\ErrorHandler.php, line 127
[main] - [internal], line ??

2022-12-05 18:28:59 Debug: Notice (8): Undefined index: controller in [D:\xampp7.4\htdocs\busker\app\View\Layouts\default.ctp, line 121]
Trace:
include - APP\View\Layouts\default.ctp, line 121
View::_evaluate() - CORE\Cake\View\View.php, line 1033
View::_render() - CORE\Cake\View\View.php, line 997
View::renderLayout() - CORE\Cake\View\View.php, line 653
View::render() - CORE\Cake\View\View.php, line 491
Controller::render() - CORE\Cake\Controller\Controller.php, line 960
ExceptionRenderer::_outputMessage() - CORE\Cake\Error\ExceptionRenderer.php, line 288
ExceptionRenderer::error500() - CORE\Cake\Error\ExceptionRenderer.php, line 240
ExceptionRenderer::render() - CORE\Cake\Error\ExceptionRenderer.php, line 173
ErrorHandler::handleException() - CORE\Cake\Error\ErrorHandler.php, line 127
[main] - [internal], line ??

2022-12-05 18:28:59 Debug: Notice (8): Undefined index: controller in [D:\xampp7.4\htdocs\busker\app\View\Layouts\default.ctp, line 121]
Trace:
include - APP\View\Layouts\default.ctp, line 121
View::_evaluate() - CORE\Cake\View\View.php, line 1033
View::_render() - CORE\Cake\View\View.php, line 997
View::renderLayout() - CORE\Cake\View\View.php, line 653
View::render() - CORE\Cake\View\View.php, line 491
Controller::render() - CORE\Cake\Controller\Controller.php, line 960
ExceptionRenderer::_outputMessage() - CORE\Cake\Error\ExceptionRenderer.php, line 288
ExceptionRenderer::error500() - CORE\Cake\Error\ExceptionRenderer.php, line 240
ExceptionRenderer::render() - CORE\Cake\Error\ExceptionRenderer.php, line 173
ErrorHandler::handleException() - CORE\Cake\Error\ErrorHandler.php, line 127
ErrorHandler::handleFatalError() - CORE\Cake\Error\ErrorHandler.php, line 214
ErrorHandler::handleError() - CORE\Cake\Error\ErrorHandler.php, line 162
App::_checkFatalError() - CORE\Cake\Core\App.php, line 927
App::shutdown() - CORE\Cake\Core\App.php, line 900
[main] - [internal], line ??

2022-12-05 18:28:59 Debug: Notice (8): Undefined index: controller in [D:\xampp7.4\htdocs\busker\app\View\Layouts\default.ctp, line 121]
Trace:
include - APP\View\Layouts\default.ctp, line 121
View::_evaluate() - CORE\Cake\View\View.php, line 1033
View::_render() - CORE\Cake\View\View.php, line 997
View::renderLayout() - CORE\Cake\View\View.php, line 653
View::render() - CORE\Cake\View\View.php, line 491
Controller::render() - CORE\Cake\Controller\Controller.php, line 960
ExceptionRenderer::_outputMessage() - CORE\Cake\Error\ExceptionRenderer.php, line 288
ExceptionRenderer::error500() - CORE\Cake\Error\ExceptionRenderer.php, line 240
ExceptionRenderer::render() - CORE\Cake\Error\ExceptionRenderer.php, line 173
ErrorHandler::handleException() - CORE\Cake\Error\ErrorHandler.php, line 127
ErrorHandler::handleFatalError() - CORE\Cake\Error\ErrorHandler.php, line 214
ErrorHandler::handleError() - CORE\Cake\Error\ErrorHandler.php, line 162
App::_checkFatalError() - CORE\Cake\Core\App.php, line 927
App::shutdown() - CORE\Cake\Core\App.php, line 900
[main] - [internal], line ??

2022-12-05 18:29:01 Debug: Notice (8): Undefined index: controller in [D:\xampp7.4\htdocs\busker\app\View\Layouts\default.ctp, line 121]
Trace:
include - APP\View\Layouts\default.ctp, line 121
View::_evaluate() - CORE\Cake\View\View.php, line 1033
View::_render() - CORE\Cake\View\View.php, line 997
View::renderLayout() - CORE\Cake\View\View.php, line 653
View::render() - CORE\Cake\View\View.php, line 491
Controller::render() - CORE\Cake\Controller\Controller.php, line 960
ExceptionRenderer::_outputMessage() - CORE\Cake\Error\ExceptionRenderer.php, line 288
ExceptionRenderer::error500() - CORE\Cake\Error\ExceptionRenderer.php, line 240
ExceptionRenderer::render() - CORE\Cake\Error\ExceptionRenderer.php, line 173
ErrorHandler::handleException() - CORE\Cake\Error\ErrorHandler.php, line 127
[main] - [internal], line ??

2022-12-05 18:29:01 Debug: Notice (8): Undefined index: controller in [D:\xampp7.4\htdocs\busker\app\View\Layouts\default.ctp, line 121]
Trace:
include - APP\View\Layouts\default.ctp, line 121
View::_evaluate() - CORE\Cake\View\View.php, line 1033
View::_render() - CORE\Cake\View\View.php, line 997
View::renderLayout() - CORE\Cake\View\View.php, line 653
View::render() - CORE\Cake\View\View.php, line 491
Controller::render() - CORE\Cake\Controller\Controller.php, line 960
ExceptionRenderer::_outputMessage() - CORE\Cake\Error\ExceptionRenderer.php, line 288
ExceptionRenderer::error500() - CORE\Cake\Error\ExceptionRenderer.php, line 240
ExceptionRenderer::render() - CORE\Cake\Error\ExceptionRenderer.php, line 173
ErrorHandler::handleException() - CORE\Cake\Error\ErrorHandler.php, line 127
[main] - [internal], line ??

2022-12-05 18:29:01 Debug: Notice (8): Undefined index: controller in [D:\xampp7.4\htdocs\busker\app\View\Layouts\default.ctp, line 121]
Trace:
include - APP\View\Layouts\default.ctp, line 121
View::_evaluate() - CORE\Cake\View\View.php, line 1033
View::_render() - CORE\Cake\View\View.php, line 997
View::renderLayout() - CORE\Cake\View\View.php, line 653
View::render() - CORE\Cake\View\View.php, line 491
Controller::render() - CORE\Cake\Controller\Controller.php, line 960
ExceptionRenderer::_outputMessage() - CORE\Cake\Error\ExceptionRenderer.php, line 288
ExceptionRenderer::error500() - CORE\Cake\Error\ExceptionRenderer.php, line 240
ExceptionRenderer::render() - CORE\Cake\Error\ExceptionRenderer.php, line 173
ErrorHandler::handleException() - CORE\Cake\Error\ErrorHandler.php, line 127
ErrorHandler::handleFatalError() - CORE\Cake\Error\ErrorHandler.php, line 214
ErrorHandler::handleError() - CORE\Cake\Error\ErrorHandler.php, line 162
App::_checkFatalError() - CORE\Cake\Core\App.php, line 927
App::shutdown() - CORE\Cake\Core\App.php, line 900
[main] - [internal], line ??

2022-12-05 18:29:01 Debug: Notice (8): Undefined index: controller in [D:\xampp7.4\htdocs\busker\app\View\Layouts\default.ctp, line 121]
Trace:
include - APP\View\Layouts\default.ctp, line 121
View::_evaluate() - CORE\Cake\View\View.php, line 1033
View::_render() - CORE\Cake\View\View.php, line 997
View::renderLayout() - CORE\Cake\View\View.php, line 653
View::render() - CORE\Cake\View\View.php, line 491
Controller::render() - CORE\Cake\Controller\Controller.php, line 960
ExceptionRenderer::_outputMessage() - CORE\Cake\Error\ExceptionRenderer.php, line 288
ExceptionRenderer::error500() - CORE\Cake\Error\ExceptionRenderer.php, line 240
ExceptionRenderer::render() - CORE\Cake\Error\ExceptionRenderer.php, line 173
ErrorHandler::handleException() - CORE\Cake\Error\ErrorHandler.php, line 127
ErrorHandler::handleFatalError() - CORE\Cake\Error\ErrorHandler.php, line 214
ErrorHandler::handleError() - CORE\Cake\Error\ErrorHandler.php, line 162
App::_checkFatalError() - CORE\Cake\Core\App.php, line 927
App::shutdown() - CORE\Cake\Core\App.php, line 900
[main] - [internal], line ??

2022-12-05 18:29:05 Debug: Notice (8): Undefined index: controller in [D:\xampp7.4\htdocs\busker\app\View\Layouts\default.ctp, line 121]
Trace:
include - APP\View\Layouts\default.ctp, line 121
View::_evaluate() - CORE\Cake\View\View.php, line 1033
View::_render() - CORE\Cake\View\View.php, line 997
View::renderLayout() - CORE\Cake\View\View.php, line 653
View::render() - CORE\Cake\View\View.php, line 491
Controller::render() - CORE\Cake\Controller\Controller.php, line 960
ExceptionRenderer::_outputMessage() - CORE\Cake\Error\ExceptionRenderer.php, line 288
ExceptionRenderer::error500() - CORE\Cake\Error\ExceptionRenderer.php, line 240
ExceptionRenderer::render() - CORE\Cake\Error\ExceptionRenderer.php, line 173
ErrorHandler::handleException() - CORE\Cake\Error\ErrorHandler.php, line 127
[main] - [internal], line ??

2022-12-05 18:29:05 Debug: Notice (8): Undefined index: controller in [D:\xampp7.4\htdocs\busker\app\View\Layouts\default.ctp, line 121]
Trace:
include - APP\View\Layouts\default.ctp, line 121
View::_evaluate() - CORE\Cake\View\View.php, line 1033
View::_render() - CORE\Cake\View\View.php, line 997
View::renderLayout() - CORE\Cake\View\View.php, line 653
View::render() - CORE\Cake\View\View.php, line 491
Controller::render() - CORE\Cake\Controller\Controller.php, line 960
ExceptionRenderer::_outputMessage() - CORE\Cake\Error\ExceptionRenderer.php, line 288
ExceptionRenderer::error500() - CORE\Cake\Error\ExceptionRenderer.php, line 240
ExceptionRenderer::render() - CORE\Cake\Error\ExceptionRenderer.php, line 173
ErrorHandler::handleException() - CORE\Cake\Error\ErrorHandler.php, line 127
[main] - [internal], line ??

2022-12-05 18:29:05 Debug: Notice (8): Undefined index: controller in [D:\xampp7.4\htdocs\busker\app\View\Layouts\default.ctp, line 121]
Trace:
include - APP\View\Layouts\default.ctp, line 121
View::_evaluate() - CORE\Cake\View\View.php, line 1033
View::_render() - CORE\Cake\View\View.php, line 997
View::renderLayout() - CORE\Cake\View\View.php, line 653
View::render() - CORE\Cake\View\View.php, line 491
Controller::render() - CORE\Cake\Controller\Controller.php, line 960
ExceptionRenderer::_outputMessage() - CORE\Cake\Error\ExceptionRenderer.php, line 288
ExceptionRenderer::error500() - CORE\Cake\Error\ExceptionRenderer.php, line 240
ExceptionRenderer::render() - CORE\Cake\Error\ExceptionRenderer.php, line 173
ErrorHandler::handleException() - CORE\Cake\Error\ErrorHandler.php, line 127
ErrorHandler::handleFatalError() - CORE\Cake\Error\ErrorHandler.php, line 214
ErrorHandler::handleError() - CORE\Cake\Error\ErrorHandler.php, line 162
App::_checkFatalError() - CORE\Cake\Core\App.php, line 927
App::shutdown() - CORE\Cake\Core\App.php, line 900
[main] - [internal], line ??

2022-12-05 18:29:05 Debug: Notice (8): Undefined index: controller in [D:\xampp7.4\htdocs\busker\app\View\Layouts\default.ctp, line 121]
Trace:
include - APP\View\Layouts\default.ctp, line 121
View::_evaluate() - CORE\Cake\View\View.php, line 1033
View::_render() - CORE\Cake\View\View.php, line 997
View::renderLayout() - CORE\Cake\View\View.php, line 653
View::render() - CORE\Cake\View\View.php, line 491
Controller::render() - CORE\Cake\Controller\Controller.php, line 960
ExceptionRenderer::_outputMessage() - CORE\Cake\Error\ExceptionRenderer.php, line 288
ExceptionRenderer::error500() - CORE\Cake\Error\ExceptionRenderer.php, line 240
ExceptionRenderer::render() - CORE\Cake\Error\ExceptionRenderer.php, line 173
ErrorHandler::handleException() - CORE\Cake\Error\ErrorHandler.php, line 127
ErrorHandler::handleFatalError() - CORE\Cake\Error\ErrorHandler.php, line 214
ErrorHandler::handleError() - CORE\Cake\Error\ErrorHandler.php, line 162
App::_checkFatalError() - CORE\Cake\Core\App.php, line 927
App::shutdown() - CORE\Cake\Core\App.php, line 900
[main] - [internal], line ??

2022-12-05 18:29:59 Debug: Notice (8): Undefined index: controller in [D:\xampp7.4\htdocs\busker\app\View\Layouts\default.ctp, line 121]
Trace:
include - APP\View\Layouts\default.ctp, line 121
View::_evaluate() - CORE\Cake\View\View.php, line 1033
View::_render() - CORE\Cake\View\View.php, line 997
View::renderLayout() - CORE\Cake\View\View.php, line 653
View::render() - CORE\Cake\View\View.php, line 491
Controller::render() - CORE\Cake\Controller\Controller.php, line 960
ExceptionRenderer::_outputMessage() - CORE\Cake\Error\ExceptionRenderer.php, line 288
ExceptionRenderer::error500() - CORE\Cake\Error\ExceptionRenderer.php, line 240
ExceptionRenderer::render() - CORE\Cake\Error\ExceptionRenderer.php, line 173
ErrorHandler::handleException() - CORE\Cake\Error\ErrorHandler.php, line 127
[main] - [internal], line ??

2022-12-05 18:29:59 Debug: Notice (8): Undefined index: controller in [D:\xampp7.4\htdocs\busker\app\View\Layouts\default.ctp, line 121]
Trace:
include - APP\View\Layouts\default.ctp, line 121
View::_evaluate() - CORE\Cake\View\View.php, line 1033
View::_render() - CORE\Cake\View\View.php, line 997
View::renderLayout() - CORE\Cake\View\View.php, line 653
View::render() - CORE\Cake\View\View.php, line 491
Controller::render() - CORE\Cake\Controller\Controller.php, line 960
ExceptionRenderer::_outputMessage() - CORE\Cake\Error\ExceptionRenderer.php, line 288
ExceptionRenderer::error500() - CORE\Cake\Error\ExceptionRenderer.php, line 240
ExceptionRenderer::render() - CORE\Cake\Error\ExceptionRenderer.php, line 173
ErrorHandler::handleException() - CORE\Cake\Error\ErrorHandler.php, line 127
[main] - [internal], line ??

2022-12-05 18:29:59 Debug: Notice (8): Undefined index: controller in [D:\xampp7.4\htdocs\busker\app\View\Layouts\default.ctp, line 121]
Trace:
include - APP\View\Layouts\default.ctp, line 121
View::_evaluate() - CORE\Cake\View\View.php, line 1033
View::_render() - CORE\Cake\View\View.php, line 997
View::renderLayout() - CORE\Cake\View\View.php, line 653
View::render() - CORE\Cake\View\View.php, line 491
Controller::render() - CORE\Cake\Controller\Controller.php, line 960
ExceptionRenderer::_outputMessage() - CORE\Cake\Error\ExceptionRenderer.php, line 288
ExceptionRenderer::error500() - CORE\Cake\Error\ExceptionRenderer.php, line 240
ExceptionRenderer::render() - CORE\Cake\Error\ExceptionRenderer.php, line 173
ErrorHandler::handleException() - CORE\Cake\Error\ErrorHandler.php, line 127
ErrorHandler::handleFatalError() - CORE\Cake\Error\ErrorHandler.php, line 214
ErrorHandler::handleError() - CORE\Cake\Error\ErrorHandler.php, line 162
App::_checkFatalError() - CORE\Cake\Core\App.php, line 927
App::shutdown() - CORE\Cake\Core\App.php, line 900
[main] - [internal], line ??

2022-12-05 18:29:59 Debug: Notice (8): Undefined index: controller in [D:\xampp7.4\htdocs\busker\app\View\Layouts\default.ctp, line 121]
Trace:
include - APP\View\Layouts\default.ctp, line 121
View::_evaluate() - CORE\Cake\View\View.php, line 1033
View::_render() - CORE\Cake\View\View.php, line 997
View::renderLayout() - CORE\Cake\View\View.php, line 653
View::render() - CORE\Cake\View\View.php, line 491
Controller::render() - CORE\Cake\Controller\Controller.php, line 960
ExceptionRenderer::_outputMessage() - CORE\Cake\Error\ExceptionRenderer.php, line 288
ExceptionRenderer::error500() - CORE\Cake\Error\ExceptionRenderer.php, line 240
ExceptionRenderer::render() - CORE\Cake\Error\ExceptionRenderer.php, line 173
ErrorHandler::handleException() - CORE\Cake\Error\ErrorHandler.php, line 127
ErrorHandler::handleFatalError() - CORE\Cake\Error\ErrorHandler.php, line 214
ErrorHandler::handleError() - CORE\Cake\Error\ErrorHandler.php, line 162
App::_checkFatalError() - CORE\Cake\Core\App.php, line 927
App::shutdown() - CORE\Cake\Core\App.php, line 900
[main] - [internal], line ??

2022-12-05 18:31:30 Debug: Notice (8): Undefined index: controller in [D:\xampp7.4\htdocs\busker\app\View\Layouts\default.ctp, line 121]
Trace:
include - APP\View\Layouts\default.ctp, line 121
View::_evaluate() - CORE\Cake\View\View.php, line 1033
View::_render() - CORE\Cake\View\View.php, line 997
View::renderLayout() - CORE\Cake\View\View.php, line 653
View::render() - CORE\Cake\View\View.php, line 491
Controller::render() - CORE\Cake\Controller\Controller.php, line 960
ExceptionRenderer::_outputMessage() - CORE\Cake\Error\ExceptionRenderer.php, line 288
ExceptionRenderer::error500() - CORE\Cake\Error\ExceptionRenderer.php, line 240
ExceptionRenderer::render() - CORE\Cake\Error\ExceptionRenderer.php, line 173
ErrorHandler::handleException() - CORE\Cake\Error\ErrorHandler.php, line 127
[main] - [internal], line ??

2022-12-05 18:31:30 Debug: Notice (8): Undefined index: controller in [D:\xampp7.4\htdocs\busker\app\View\Layouts\default.ctp, line 121]
Trace:
include - APP\View\Layouts\default.ctp, line 121
View::_evaluate() - CORE\Cake\View\View.php, line 1033
View::_render() - CORE\Cake\View\View.php, line 997
View::renderLayout() - CORE\Cake\View\View.php, line 653
View::render() - CORE\Cake\View\View.php, line 491
Controller::render() - CORE\Cake\Controller\Controller.php, line 960
ExceptionRenderer::_outputMessage() - CORE\Cake\Error\ExceptionRenderer.php, line 288
ExceptionRenderer::error500() - CORE\Cake\Error\ExceptionRenderer.php, line 240
ExceptionRenderer::render() - CORE\Cake\Error\ExceptionRenderer.php, line 173
ErrorHandler::handleException() - CORE\Cake\Error\ErrorHandler.php, line 127
[main] - [internal], line ??

2022-12-05 18:31:30 Debug: Notice (8): Undefined index: controller in [D:\xampp7.4\htdocs\busker\app\View\Layouts\default.ctp, line 121]
Trace:
include - APP\View\Layouts\default.ctp, line 121
View::_evaluate() - CORE\Cake\View\View.php, line 1033
View::_render() - CORE\Cake\View\View.php, line 997
View::renderLayout() - CORE\Cake\View\View.php, line 653
View::render() - CORE\Cake\View\View.php, line 491
Controller::render() - CORE\Cake\Controller\Controller.php, line 960
ExceptionRenderer::_outputMessage() - CORE\Cake\Error\ExceptionRenderer.php, line 288
ExceptionRenderer::error500() - CORE\Cake\Error\ExceptionRenderer.php, line 240
ExceptionRenderer::render() - CORE\Cake\Error\ExceptionRenderer.php, line 173
ErrorHandler::handleException() - CORE\Cake\Error\ErrorHandler.php, line 127
ErrorHandler::handleFatalError() - CORE\Cake\Error\ErrorHandler.php, line 214
ErrorHandler::handleError() - CORE\Cake\Error\ErrorHandler.php, line 162
App::_checkFatalError() - CORE\Cake\Core\App.php, line 927
App::shutdown() - CORE\Cake\Core\App.php, line 900
[main] - [internal], line ??

2022-12-05 18:31:30 Debug: Notice (8): Undefined index: controller in [D:\xampp7.4\htdocs\busker\app\View\Layouts\default.ctp, line 121]
Trace:
include - APP\View\Layouts\default.ctp, line 121
View::_evaluate() - CORE\Cake\View\View.php, line 1033
View::_render() - CORE\Cake\View\View.php, line 997
View::renderLayout() - CORE\Cake\View\View.php, line 653
View::render() - CORE\Cake\View\View.php, line 491
Controller::render() - CORE\Cake\Controller\Controller.php, line 960
ExceptionRenderer::_outputMessage() - CORE\Cake\Error\ExceptionRenderer.php, line 288
ExceptionRenderer::error500() - CORE\Cake\Error\ExceptionRenderer.php, line 240
ExceptionRenderer::render() - CORE\Cake\Error\ExceptionRenderer.php, line 173
ErrorHandler::handleException() - CORE\Cake\Error\ErrorHandler.php, line 127
ErrorHandler::handleFatalError() - CORE\Cake\Error\ErrorHandler.php, line 214
ErrorHandler::handleError() - CORE\Cake\Error\ErrorHandler.php, line 162
App::_checkFatalError() - CORE\Cake\Core\App.php, line 927
App::shutdown() - CORE\Cake\Core\App.php, line 900
[main] - [internal], line ??

